Analysis & Synthesis report for Flappy_Bird
Thu May 26 16:14:01 2022
Quartus II 64-Bit Version 13.0.1 Build 232 06/12/2013 Service Pack 1 SJ Web Edition


---------------------
; Table of Contents ;
---------------------
  1. Legal Notice
  2. Analysis & Synthesis Summary
  3. Analysis & Synthesis Settings
  4. Parallel Compilation
  5. Analysis & Synthesis Messages



----------------
; Legal Notice ;
----------------
Copyright (C) 1991-2013 Altera Corporation
Your use of Altera Corporation's design tools, logic functions 
and other software and tools, and its AMPP partner logic 
functions, and any output files from any of the foregoing 
(including device programming or simulation files), and any 
associated documentation or information are expressly subject 
to the terms and conditions of the Altera Program License 
Subscription Agreement, Altera MegaCore Function License 
Agreement, or other applicable license agreement, including, 
without limitation, that your use is for the sole purpose of 
programming logic devices manufactured by Altera and sold by 
Altera or its authorized distributors.  Please refer to the 
applicable agreement for further details.



+--------------------------------------------------------------------------------------+
; Analysis & Synthesis Summary                                                         ;
+------------------------------------+-------------------------------------------------+
; Analysis & Synthesis Status        ; Failed - Thu May 26 16:14:01 2022               ;
; Quartus II 64-Bit Version          ; 13.0.1 Build 232 06/12/2013 SP 1 SJ Web Edition ;
; Revision Name                      ; Flappy_Bird                                     ;
; Top-level Entity Name              ; Flappy_Bird                                     ;
; Family                             ; Cyclone III                                     ;
; Total logic elements               ; N/A until Partition Merge                       ;
;     Total combinational functions  ; N/A until Partition Merge                       ;
;     Dedicated logic registers      ; N/A until Partition Merge                       ;
; Total registers                    ; N/A until Partition Merge                       ;
; Total pins                         ; N/A until Partition Merge                       ;
; Total virtual pins                 ; N/A until Partition Merge                       ;
; Total memory bits                  ; N/A until Partition Merge                       ;
; Embedded Multiplier 9-bit elements ; N/A until Partition Merge                       ;
; Total PLLs                         ; N/A until Partition Merge                       ;
+------------------------------------+-------------------------------------------------+


+----------------------------------------------------------------------------------------------------------------------+
; Analysis & Synthesis Settings                                                                                        ;
+----------------------------------------------------------------------------+--------------------+--------------------+
; Option                                                                     ; Setting            ; Default Value      ;
+----------------------------------------------------------------------------+--------------------+--------------------+
; Device                                                                     ; EP3C16F484C6       ;                    ;
; Top-level entity name                                                      ; Flappy_Bird        ; Flappy_Bird        ;
; Family name                                                                ; Cyclone III        ; Cyclone IV GX      ;
; Use smart compilation                                                      ; Off                ; Off                ;
; Enable parallel Assembler and TimeQuest Timing Analyzer during compilation ; On                 ; On                 ;
; Enable compact report table                                                ; Off                ; Off                ;
; Restructure Multiplexers                                                   ; Auto               ; Auto               ;
; Create Debugging Nodes for IP Cores                                        ; Off                ; Off                ;
; Preserve fewer node names                                                  ; On                 ; On                 ;
; Disable OpenCore Plus hardware evaluation                                  ; Off                ; Off                ;
; Verilog Version                                                            ; Verilog_2001       ; Verilog_2001       ;
; VHDL Version                                                               ; VHDL_1993          ; VHDL_1993          ;
; State Machine Processing                                                   ; Auto               ; Auto               ;
; Safe State Machine                                                         ; Off                ; Off                ;
; Extract Verilog State Machines                                             ; On                 ; On                 ;
; Extract VHDL State Machines                                                ; On                 ; On                 ;
; Ignore Verilog initial constructs                                          ; Off                ; Off                ;
; Iteration limit for constant Verilog loops                                 ; 5000               ; 5000               ;
; Iteration limit for non-constant Verilog loops                             ; 250                ; 250                ;
; Add Pass-Through Logic to Inferred RAMs                                    ; On                 ; On                 ;
; Infer RAMs from Raw Logic                                                  ; On                 ; On                 ;
; Parallel Synthesis                                                         ; On                 ; On                 ;
; DSP Block Balancing                                                        ; Auto               ; Auto               ;
; NOT Gate Push-Back                                                         ; On                 ; On                 ;
; Power-Up Don't Care                                                        ; On                 ; On                 ;
; Remove Redundant Logic Cells                                               ; Off                ; Off                ;
; Remove Duplicate Registers                                                 ; On                 ; On                 ;
; Ignore CARRY Buffers                                                       ; Off                ; Off                ;
; Ignore CASCADE Buffers                                                     ; Off                ; Off                ;
; Ignore GLOBAL Buffers                                                      ; Off                ; Off                ;
; Ignore ROW GLOBAL Buffers                                                  ; Off                ; Off                ;
; Ignore LCELL Buffers                                                       ; Off                ; Off                ;
; Ignore SOFT Buffers                                                        ; On                 ; On                 ;
; Limit AHDL Integers to 32 Bits                                             ; Off                ; Off                ;
; Optimization Technique                                                     ; Balanced           ; Balanced           ;
; Carry Chain Length                                                         ; 70                 ; 70                 ;
; Auto Carry Chains                                                          ; On                 ; On                 ;
; Auto Open-Drain Pins                                                       ; On                 ; On                 ;
; Perform WYSIWYG Primitive Resynthesis                                      ; Off                ; Off                ;
; Auto ROM Replacement                                                       ; On                 ; On                 ;
; Auto RAM Replacement                                                       ; On                 ; On                 ;
; Auto DSP Block Replacement                                                 ; On                 ; On                 ;
; Auto Shift Register Replacement                                            ; Auto               ; Auto               ;
; Allow Shift Register Merging across Hierarchies                            ; Auto               ; Auto               ;
; Auto Clock Enable Replacement                                              ; On                 ; On                 ;
; Strict RAM Replacement                                                     ; Off                ; Off                ;
; Allow Synchronous Control Signals                                          ; On                 ; On                 ;
; Force Use of Synchronous Clear Signals                                     ; Off                ; Off                ;
; Auto RAM Block Balancing                                                   ; On                 ; On                 ;
; Auto RAM to Logic Cell Conversion                                          ; Off                ; Off                ;
; Auto Resource Sharing                                                      ; Off                ; Off                ;
; Allow Any RAM Size For Recognition                                         ; Off                ; Off                ;
; Allow Any ROM Size For Recognition                                         ; Off                ; Off                ;
; Allow Any Shift Register Size For Recognition                              ; Off                ; Off                ;
; Use LogicLock Constraints during Resource Balancing                        ; On                 ; On                 ;
; Ignore translate_off and synthesis_off directives                          ; Off                ; Off                ;
; Timing-Driven Synthesis                                                    ; On                 ; On                 ;
; Report Parameter Settings                                                  ; On                 ; On                 ;
; Report Source Assignments                                                  ; On                 ; On                 ;
; Report Connectivity Checks                                                 ; On                 ; On                 ;
; Ignore Maximum Fan-Out Assignments                                         ; Off                ; Off                ;
; Synchronization Register Chain Length                                      ; 2                  ; 2                  ;
; PowerPlay Power Optimization                                               ; Normal compilation ; Normal compilation ;
; HDL message level                                                          ; Level2             ; Level2             ;
; Suppress Register Optimization Related Messages                            ; Off                ; Off                ;
; Number of Removed Registers Reported in Synthesis Report                   ; 5000               ; 5000               ;
; Number of Swept Nodes Reported in Synthesis Report                         ; 5000               ; 5000               ;
; Number of Inverted Registers Reported in Synthesis Report                  ; 100                ; 100                ;
; Clock MUX Protection                                                       ; On                 ; On                 ;
; Auto Gated Clock Conversion                                                ; Off                ; Off                ;
; Block Design Naming                                                        ; Auto               ; Auto               ;
; SDC constraint protection                                                  ; Off                ; Off                ;
; Synthesis Effort                                                           ; Auto               ; Auto               ;
; Shift Register Replacement - Allow Asynchronous Clear Signal               ; On                 ; On                 ;
; Pre-Mapping Resynthesis Optimization                                       ; Off                ; Off                ;
; Analysis & Synthesis Message Level                                         ; Medium             ; Medium             ;
; Disable Register Merging Across Hierarchies                                ; Auto               ; Auto               ;
; Resource Aware Inference For Block RAM                                     ; On                 ; On                 ;
; Synthesis Seed                                                             ; 1                  ; 1                  ;
+----------------------------------------------------------------------------+--------------------+--------------------+


Parallel compilation was disabled, but you have multiple processors available. Enable parallel compilation to reduce compilation time.
+-------------------------------------+
; Parallel Compilation                ;
+----------------------------+--------+
; Processors                 ; Number ;
+----------------------------+--------+
; Number detected on machine ; 16     ;
; Maximum allowed            ; 1      ;
+----------------------------+--------+


+-------------------------------+
; Analysis & Synthesis Messages ;
+-------------------------------+
Info: *******************************************************************
Info: Running Quartus II 64-Bit Analysis & Synthesis
    Info: Version 13.0.1 Build 232 06/12/2013 Service Pack 1 SJ Web Edition
    Info: Processing started: Thu May 26 16:14:00 2022
Info: Command: quartus_map --read_settings_files=on --write_settings_files=off Flappy_Bird -c Flappy_Bird
Warning (20028): Parallel compilation is not licensed and has been disabled
Info (12021): Found 2 design units, including 1 entities, in source file vhdl files/fsm.vhd
    Info (12022): Found design unit 1: fsm-behav
    Info (12023): Found entity 1: fsm
Info (12021): Found 2 design units, including 1 entities, in source file vhdl files/char_rom_display.vhd
    Info (12022): Found design unit 1: char_rom_display-arc
    Info (12023): Found entity 1: char_rom_display
Info (12021): Found 2 design units, including 1 entities, in source file vhdl files/vga_sync.vhd
    Info (12022): Found design unit 1: VGA_SYNC-a
    Info (12023): Found entity 1: VGA_SYNC
Info (12021): Found 2 design units, including 1 entities, in source file vhdl files/mouse.vhd
    Info (12022): Found design unit 1: MOUSE-behavior
    Info (12023): Found entity 1: MOUSE
Info (12021): Found 2 design units, including 1 entities, in source file vhdl files/clock_div_25mhz.vhd
    Info (12022): Found design unit 1: clock_div_25mhz-SYN
    Info (12023): Found entity 1: clock_div_25MHz
Info (12021): Found 2 design units, including 1 entities, in source file vhdl files/char_rom.vhd
    Info (12022): Found design unit 1: char_rom-SYN
    Info (12023): Found entity 1: char_rom
Info (12021): Found 2 design units, including 1 entities, in source file vhdl files/bouncy_ball.vhd
    Info (12022): Found design unit 1: bouncy_ball-behavior
    Info (12023): Found entity 1: bouncy_ball
Info (12021): Found 2 design units, including 1 entities, in source file vhdl files/bcd_to_seven_seg.vhd
    Info (12022): Found design unit 1: bcd_to_seven_seg-behav
    Info (12023): Found entity 1: bcd_to_seven_seg
Info (12021): Found 2 design units, including 1 entities, in source file vhdl files/ball.vhd
    Info (12022): Found design unit 1: ball-behavior
    Info (12023): Found entity 1: ball
Info (12021): Found 1 design units, including 1 entities, in source file flappy_bird.bdf
    Info (12023): Found entity 1: Flappy_Bird
Info (12021): Found 2 design units, including 1 entities, in source file vhdl files/pipe_gen.vhd
    Info (12022): Found design unit 1: pipe_gen-behavior
    Info (12023): Found entity 1: pipe_gen
Info (12021): Found 2 design units, including 1 entities, in source file vhdl files/show_colour.vhd
    Info (12022): Found design unit 1: show_colour-arc
    Info (12023): Found entity 1: show_colour
Info (12021): Found 2 design units, including 1 entities, in source file vhdl files/display_sync.vhd
    Info (12022): Found design unit 1: display_sync-arc
    Info (12023): Found entity 1: display_sync
Info (12021): Found 0 design units, including 0 entities, in source file vhdl files/game_states.vhd
Info (12021): Found 2 design units, including 1 entities, in source file vhdl files/game_controller.vhd
    Info (12022): Found design unit 1: game_controller-arc
    Info (12023): Found entity 1: game_controller
Info (12021): Found 2 design units, including 1 entities, in source file vhdl files/delay_counter.vhd
    Info (12022): Found design unit 1: delay_counter-arc
    Info (12023): Found entity 1: delay_counter
Warning (12019): Can't analyze file -- file Block1.bdf is missing
Info (12021): Found 0 design units, including 0 entities, in source file vhdl files/pipe_collision.vhd
Info (12021): Found 2 design units, including 1 entities, in source file vhdl files/pipe_controller.vhd
    Info (12022): Found design unit 1: pipe_controller-behavior
    Info (12023): Found entity 1: pipe_controller
Info (12021): Found 2 design units, including 1 entities, in source file vhdl files/score.vhd
    Info (12022): Found design unit 1: score-behavior
    Info (12023): Found entity 1: score
Error (10500): VHDL syntax error at high_score.vhd(14) near text ")";  expecting an identifier, or "constant", or "file", or "signal", or "variable" File: C:/Users/maysr/Documents/GitHub/305_MiniProject/Flappy_Bird/Vhdl files/high_score.vhd Line: 14
Error (10500): VHDL syntax error at high_score.vhd(29) near text "begin";  expecting an identifier ("begin" is a reserved keyword), or "constant", or "file", or "signal", or "variable" File: C:/Users/maysr/Documents/GitHub/305_MiniProject/Flappy_Bird/Vhdl files/high_score.vhd Line: 29
Info (12021): Found 0 design units, including 0 entities, in source file vhdl files/high_score.vhd
Info (12021): Found 2 design units, including 1 entities, in source file vhdl files/lives.vhd
    Info (12022): Found design unit 1: lives-arc
    Info (12023): Found entity 1: lives
Info (12021): Found 2 design units, including 1 entities, in source file vhdl files/level_control.vhd
    Info (12022): Found design unit 1: level_control-behavior
    Info (12023): Found entity 1: level_control
Error: Quartus II 64-Bit Analysis & Synthesis was unsuccessful. 2 errors, 2 warnings
    Error: Peak virtual memory: 4613 megabytes
    Error: Processing ended: Thu May 26 16:14:01 2022
    Error: Elapsed time: 00:00:01
    Error: Total CPU time (on all processors): 00:00:01


